<?xml version="1.0" encoding="UTF-8"?>
<testsuite xmlns:xsi="http://www.w3.org/2001/XMLSchema-instance" xsi:noNamespaceSchemaLocation="https://maven.apache.org/surefire/maven-surefire-plugin/xsd/surefire-test-report.xsd" version="3.0.2" name="microservice.authenticationservice.com.AuthServiceApplicationTests" time="23.606" tests="1" errors="0" skipped="0" failures="0">
  <properties>
[...]
</properties>
  <testcase name="contextLoads" classname="microservice.authenticationservice.com.AuthServiceApplicationTests" time="1.486">
    <system-out><![CDATA[00:56:48.766 [main] INFO org.springframework.test.context.support.AnnotationConfigContextLoaderUtils -- Could not detect default configuration classes for test class [microservice.authenticationservice.com.AuthServiceApplicationTests]: AuthServiceApplicationTests does not declare any static, non-private, non-final, nested classes annotated with @Configuration.
00:56:49.328 [main] INFO org.springframework.boot.test.context.SpringBootTestContextBootstrapper -- Found @SpringBootConfiguration microservice.authenticationservice.com.AuthenticationServiceApplication for test class microservice.authenticationservice.com.AuthServiceApplicationTests

  .   ____          _            __ _ _
 /\\ / ___'_ __ _ _(_)_ __  __ _ \ \ \ \
( ( )\___ | '_ | '_| | '_ \/ _` | \ \ \ \
 \\/  ___)| |_)| | | | | || (_| |  ) ) ) )
  '  |____| .__|_| |_|_| |_\__, | / / / /
 =========|_|==============|___/=/_/_/_/

 :: Spring Boot ::                (v3.4.2)

2025-02-25T00:56:51.513+07:00  INFO 4332 --- [authentication-service] [           main] m.a.com.AuthServiceApplicationTests      : Starting AuthServiceApplicationTests using Java 17.0.11 with PID 4332 (started by arzaj in D:\zikri\source-code\microservice\authentication-service)
2025-02-25T00:56:51.519+07:00  INFO 4332 --- [authentication-service] [           main] m.a.com.AuthServiceApplicationTests      : No active profile set, falling back to 1 default profile: "default"
2025-02-25T00:56:54.754+07:00  INFO 4332 --- [authentication-service] [           main] .s.d.r.c.RepositoryConfigurationDelegate : Bootstrapping Spring Data JPA repositories in DEFAULT mode.
2025-02-25T00:56:54.954+07:00  INFO 4332 --- [authentication-service] [           main] .s.d.r.c.RepositoryConfigurationDelegate : Finished Spring Data repository scanning in 170 ms. Found 1 JPA repository interface.
2025-02-25T00:56:57.010+07:00  INFO 4332 --- [authentication-service] [           main] o.hibernate.jpa.internal.util.LogHelper  : HHH000204: Processing PersistenceUnitInfo [name: default]
2025-02-25T00:56:57.230+07:00  INFO 4332 --- [authentication-service] [           main] org.hibernate.Version                    : HHH000412: Hibernate ORM core version 6.6.5.Final
2025-02-25T00:56:57.359+07:00  INFO 4332 --- [authentication-service] [           main] o.h.c.internal.RegionFactoryInitiator    : HHH000026: Second-level cache disabled
2025-02-25T00:56:58.523+07:00  INFO 4332 --- [authentication-service] [           main] o.s.o.j.p.SpringPersistenceUnitInfo      : No LoadTimeWeaver setup: ignoring JPA class transformer
2025-02-25T00:56:58.626+07:00  INFO 4332 --- [authentication-service] [           main] com.zaxxer.hikari.HikariDataSource       : HikariPool-1 - Starting...
2025-02-25T00:56:58.984+07:00  INFO 4332 --- [authentication-service] [           main] com.zaxxer.hikari.pool.HikariPool        : HikariPool-1 - Added connection org.postgresql.jdbc.PgConnection@38ef1a0a
2025-02-25T00:56:58.990+07:00  INFO 4332 --- [authentication-service] [           main] com.zaxxer.hikari.HikariDataSource       : HikariPool-1 - Start completed.
2025-02-25T00:56:59.090+07:00  WARN 4332 --- [authentication-service] [           main] org.hibernate.dialect.Dialect            : HHH000511: The 10.23.0 version for [org.hibernate.dialect.PostgreSQLDialect] is no longer supported, hence certain features may not work properly. The minimum supported version is 12.0.0. Check the community dialects project for available legacy versions.
2025-02-25T00:56:59.117+07:00  WARN 4332 --- [authentication-service] [           main] org.hibernate.orm.deprecation            : HHH90000025: PostgreSQLDialect does not need to be specified explicitly using 'hibernate.dialect' (remove the property setting and it will be selected by default)
2025-02-25T00:56:59.242+07:00  INFO 4332 --- [authentication-service] [           main] org.hibernate.orm.connections.pooling    : HHH10001005: Database info:
	Database JDBC URL [Connecting through datasource 'HikariDataSource (HikariPool-1)']
	Database driver: undefined/unknown
	Database version: 10.23
	Autocommit mode: undefined/unknown
	Isolation level: undefined/unknown
	Minimum pool size: undefined/unknown
	Maximum pool size: undefined/unknown
2025-02-25T00:57:03.581+07:00  INFO 4332 --- [authentication-service] [           main] o.h.e.t.j.p.i.JtaPlatformInitiator       : HHH000489: No JTA platform available (set 'hibernate.transaction.jta.platform' to enable JTA platform integration)
2025-02-25T00:57:03.830+07:00  INFO 4332 --- [authentication-service] [           main] j.LocalContainerEntityManagerFactoryBean : Initialized JPA EntityManagerFactory for persistence unit 'default'
2025-02-25T00:57:06.456+07:00  INFO 4332 --- [authentication-service] [           main] eAuthenticationProviderManagerConfigurer : Global AuthenticationManager configured with AuthenticationProvider bean with name authenticationProvider
2025-02-25T00:57:06.458+07:00  WARN 4332 --- [authentication-service] [           main] r$InitializeUserDetailsManagerConfigurer : Global AuthenticationManager configured with an AuthenticationProvider bean. UserDetailsService beans will not be used by Spring Security for automatically configuring username/password login. Consider removing the AuthenticationProvider bean. Alternatively, consider using the UserDetailsService in a manually instantiated DaoAuthenticationProvider. If the current configuration is intentional, to turn off this warning, increase the logging level of 'org.springframework.security.config.annotation.authentication.configuration.InitializeUserDetailsBeanManagerConfigurer' to ERROR
2025-02-25T00:57:07.388+07:00  WARN 4332 --- [authentication-service] [           main] JpaBaseConfiguration$JpaWebConfiguration : spring.jpa.open-in-view is enabled by default. Therefore, database queries may be performed during view rendering. Explicitly configure spring.jpa.open-in-view to disable this warning
2025-02-25T00:57:07.605+07:00  WARN 4332 --- [authentication-service] [           main] thorizationManagerRequestMatcherRegistry : One of the patterns in [/api-users/**, api-auth/**, /v3/api-docs/**, /swagger-ui/**] is missing a leading slash. This is discouraged; please include the leading slash in all your request matcher patterns. In future versions of Spring Security, leaving out the leading slash will result in an exception.
2025-02-25T00:57:09.987+07:00  INFO 4332 --- [authentication-service] [           main] m.a.com.AuthServiceApplicationTests      : Started AuthServiceApplicationTests in 19.838 seconds (process running for 23.784)
]]></system-out>
  </testcase>
</testsuite>