<?xml version="1.0" encoding="UTF-8"?>
<testsuite xmlns:xsi="http://www.w3.org/2001/XMLSchema-instance" xsi:noNamespaceSchemaLocation="https://maven.apache.org/surefire/maven-surefire-plugin/xsd/surefire-test-report.xsd" version="3.0.2" name="microservice.apigatewayservice.com.ApigatewayServiceApplicationTests" time="10.829" tests="1" errors="0" skipped="0" failures="0">
  <properties>
[...]
</properties>
  <testcase name="contextLoads" classname="microservice.apigatewayservice.com.ApigatewayServiceApplicationTests" time="1.752">
    <system-out><![CDATA[03:40:56.025 [main] INFO org.springframework.test.context.support.AnnotationConfigContextLoaderUtils -- Could not detect default configuration classes for test class [microservice.apigatewayservice.com.ApigatewayServiceApplicationTests]: ApigatewayServiceApplicationTests does not declare any static, non-private, non-final, nested classes annotated with @Configuration.
03:40:56.334 [main] INFO org.springframework.boot.test.context.SpringBootTestContextBootstrapper -- Found @SpringBootConfiguration microservice.apigatewayservice.com.ApigatewayServiceApplication for test class microservice.apigatewayservice.com.ApigatewayServiceApplicationTests

  .   ____          _            __ _ _
 /\\ / ___'_ __ _ _(_)_ __  __ _ \ \ \ \
( ( )\___ | '_ | '_| | '_ \/ _` | \ \ \ \
 \\/  ___)| |_)| | | | | || (_| |  ) ) ) )
  '  |____| .__|_| |_|_| |_\__, | / / / /
 =========|_|==============|___/=/_/_/_/

 :: Spring Boot ::                (v3.4.2)

2025-02-16T03:40:58.531+07:00  INFO 21900 --- [apigateway-service] [           main] m.a.c.ApigatewayServiceApplicationTests  : Starting ApigatewayServiceApplicationTests using Java 17.0.11 with PID 21900 (started by arzaj in D:\zikri\source-code\microservice\apigateway-service)
2025-02-16T03:40:58.536+07:00  INFO 21900 --- [apigateway-service] [           main] m.a.c.ApigatewayServiceApplicationTests  : No active profile set, falling back to 1 default profile: "default"
2025-02-16T03:41:00.736+07:00  INFO 21900 --- [apigateway-service] [           main] o.s.cloud.context.scope.GenericScope     : BeanFactory id=61565756-8471-322b-8a4d-d118970a5d55
2025-02-16T03:41:03.392+07:00  INFO 21900 --- [apigateway-service] [           main] o.s.c.g.r.RouteDefinitionRouteLocator    : Loaded RoutePredicateFactory [After]
2025-02-16T03:41:03.393+07:00  INFO 21900 --- [apigateway-service] [           main] o.s.c.g.r.RouteDefinitionRouteLocator    : Loaded RoutePredicateFactory [Before]
2025-02-16T03:41:03.393+07:00  INFO 21900 --- [apigateway-service] [           main] o.s.c.g.r.RouteDefinitionRouteLocator    : Loaded RoutePredicateFactory [Between]
2025-02-16T03:41:03.393+07:00  INFO 21900 --- [apigateway-service] [           main] o.s.c.g.r.RouteDefinitionRouteLocator    : Loaded RoutePredicateFactory [Cookie]
2025-02-16T03:41:03.394+07:00  INFO 21900 --- [apigateway-service] [           main] o.s.c.g.r.RouteDefinitionRouteLocator    : Loaded RoutePredicateFactory [Header]
2025-02-16T03:41:03.394+07:00  INFO 21900 --- [apigateway-service] [           main] o.s.c.g.r.RouteDefinitionRouteLocator    : Loaded RoutePredicateFactory [Host]
2025-02-16T03:41:03.394+07:00  INFO 21900 --- [apigateway-service] [           main] o.s.c.g.r.RouteDefinitionRouteLocator    : Loaded RoutePredicateFactory [Method]
2025-02-16T03:41:03.394+07:00  INFO 21900 --- [apigateway-service] [           main] o.s.c.g.r.RouteDefinitionRouteLocator    : Loaded RoutePredicateFactory [Path]
2025-02-16T03:41:03.395+07:00  INFO 21900 --- [apigateway-service] [           main] o.s.c.g.r.RouteDefinitionRouteLocator    : Loaded RoutePredicateFactory [Query]
2025-02-16T03:41:03.395+07:00  INFO 21900 --- [apigateway-service] [           main] o.s.c.g.r.RouteDefinitionRouteLocator    : Loaded RoutePredicateFactory [ReadBody]
2025-02-16T03:41:03.395+07:00  INFO 21900 --- [apigateway-service] [           main] o.s.c.g.r.RouteDefinitionRouteLocator    : Loaded RoutePredicateFactory [RemoteAddr]
2025-02-16T03:41:03.395+07:00  INFO 21900 --- [apigateway-service] [           main] o.s.c.g.r.RouteDefinitionRouteLocator    : Loaded RoutePredicateFactory [XForwardedRemoteAddr]
2025-02-16T03:41:03.395+07:00  INFO 21900 --- [apigateway-service] [           main] o.s.c.g.r.RouteDefinitionRouteLocator    : Loaded RoutePredicateFactory [Weight]
2025-02-16T03:41:03.396+07:00  INFO 21900 --- [apigateway-service] [           main] o.s.c.g.r.RouteDefinitionRouteLocator    : Loaded RoutePredicateFactory [CloudFoundryRouteService]
2025-02-16T03:41:04.718+07:00  INFO 21900 --- [apigateway-service] [           main] m.a.c.ApigatewayServiceApplicationTests  : Started ApigatewayServiceApplicationTests in 7.596 seconds (process running for 10.758)
]]></system-out>
  </testcase>
</testsuite>